# JRE version: OpenJDK Runtime Environment (21.0.6) (build 21.0.6+-13391695-b895.109)
# Java VM: OpenJDK 64-Bit Server VM (21.0.6+-13391695-b895.109, mixed mode, tiered, compressed oops, compressed class ptrs, g1 gc, windows-amd64)
GC Precious Log:
 CardTable entry size: 512
 Card Set container configuration: InlinePtr #cards 5 size 8 Array Of Cards #cards 12 size 40 Howl #buckets 4 coarsen threshold 1843 Howl Bitmap #cards 512 size 80 coarsen threshold 460 Card regions per heap region 1 cards per card region 2048
 CPUs: 4 total, 4 available
 Memory: 8043M
 Large Page Support: Disabled
 NUMA Support: Disabled
 Compressed Oops: Enabled (32-bit)
 Heap Region Size: 1M
 Heap Min Capacity: 8M
 Heap Initial Capacity: 126M
 Heap Max Capacity: 2012M
 Pre-touch: Disabled
 Parallel Workers: 4
 Concurrent Workers: 1
 Concurrent Refinement Workers: 4
 Periodic GC: Disabled
Heap:
 garbage-first heap   total 365568K, used 248832K [0x0000000082400000, 0x0000000100000000)
  region size 1024K, 17 young (17408K), 14 survivors (14336K)
 Metaspace       used 76785K, committed 77184K, reserved 1179648K
  class space    used 7908K, committed 8064K, reserved 1048576K
GC Heap History (20 events):
Event: 59.629 GC heap before
{Heap before GC invocations=42 (full 0):
 garbage-first heap   total 271360K, used 216354K [0x0000000082400000, 0x0000000100000000)
  region size 1024K, 61 young (62464K), 8 survivors (8192K)
 Metaspace       used 65158K, committed 65472K, reserved 1114112K
  class space    used 7011K, committed 7168K, reserved 1048576K
}
Event: 59.655 GC heap after
{Heap after GC invocations=43 (full 0):
 garbage-first heap   total 271360K, used 171008K [0x0000000082400000, 0x0000000100000000)
  region size 1024K, 8 young (8192K), 8 survivors (8192K)
 Metaspace       used 65158K, committed 65472K, reserved 1114112K
  class space    used 7011K, committed 7168K, reserved 1048576K
}
Event: 60.165 GC heap before
{Heap before GC invocations=43 (full 0):
 garbage-first heap   total 271360K, used 240640K [0x0000000082400000, 0x0000000100000000)
  region size 1024K, 76 young (77824K), 8 survivors (8192K)
 Metaspace       used 65158K, committed 65472K, reserved 1114112K
  class space    used 7011K, committed 7168K, reserved 1048576K
}
Event: 60.191 GC heap after
{Heap after GC invocations=44 (full 0):
 garbage-first heap   total 271360K, used 185344K [0x0000000082400000, 0x0000000100000000)
  region size 1024K, 10 young (10240K), 10 survivors (10240K)
 Metaspace       used 65158K, committed 65472K, reserved 1114112K
  class space    used 7011K, committed 7168K, reserved 1048576K
}
Event: 61.262 GC heap before
{Heap before GC invocations=44 (full 0):
 garbage-first heap   total 271360K, used 243712K [0x0000000082400000, 0x0000000100000000)
  region size 1024K, 67 young (68608K), 10 survivors (10240K)
 Metaspace       used 65186K, committed 65536K, reserved 1114112K
  class space    used 7011K, committed 7168K, reserved 1048576K
}
Event: 61.285 GC heap after
{Heap after GC invocations=45 (full 0):
 garbage-first heap   total 271360K, used 197632K [0x0000000082400000, 0x0000000100000000)
  region size 1024K, 9 young (9216K), 9 survivors (9216K)
 Metaspace       used 65186K, committed 65536K, reserved 1114112K
  class space    used 7011K, committed 7168K, reserved 1048576K
}
Event: 64.642 GC heap before
{Heap before GC invocations=46 (full 0):
 garbage-first heap   total 329728K, used 244736K [0x0000000082400000, 0x0000000100000000)
  region size 1024K, 55 young (56320K), 9 survivors (9216K)
 Metaspace       used 65328K, committed 65664K, reserved 1114112K
  class space    used 7011K, committed 7168K, reserved 1048576K
}
Event: 64.663 GC heap after
{Heap after GC invocations=47 (full 0):
 garbage-first heap   total 329728K, used 203680K [0x0000000082400000, 0x0000000100000000)
  region size 1024K, 5 young (5120K), 5 survivors (5120K)
 Metaspace       used 65328K, committed 65664K, reserved 1114112K
  class space    used 7011K, committed 7168K, reserved 1048576K
}
Event: 69.265 GC heap before
{Heap before GC invocations=47 (full 0):
 garbage-first heap   total 329728K, used 289696K [0x0000000082400000, 0x0000000100000000)
  region size 1024K, 89 young (91136K), 5 survivors (5120K)
 Metaspace       used 65513K, committed 65856K, reserved 1114112K
  class space    used 7027K, committed 7168K, reserved 1048576K
}
Event: 69.294 GC heap after
{Heap after GC invocations=48 (full 0):
 garbage-first heap   total 329728K, used 209471K [0x0000000082400000, 0x0000000100000000)
  region size 1024K, 12 young (12288K), 12 survivors (12288K)
 Metaspace       used 65513K, committed 65856K, reserved 1114112K
  class space    used 7027K, committed 7168K, reserved 1048576K
}
Event: 73.712 GC heap before
{Heap before GC invocations=48 (full 0):
 garbage-first heap   total 329728K, used 297535K [0x0000000082400000, 0x0000000100000000)
  region size 1024K, 98 young (100352K), 12 survivors (12288K)
 Metaspace       used 65658K, committed 65984K, reserved 1114112K
  class space    used 7029K, committed 7168K, reserved 1048576K
}
Event: 73.742 GC heap after
{Heap after GC invocations=49 (full 0):
 garbage-first heap   total 329728K, used 214407K [0x0000000082400000, 0x0000000100000000)
  region size 1024K, 5 young (5120K), 5 survivors (5120K)
 Metaspace       used 65658K, committed 65984K, reserved 1114112K
  class space    used 7029K, committed 7168K, reserved 1048576K
}
Event: 77.338 GC heap before
{Heap before GC invocations=49 (full 0):
 garbage-first heap   total 329728K, used 301447K [0x0000000082400000, 0x0000000100000000)
  region size 1024K, 90 young (92160K), 5 survivors (5120K)
 Metaspace       used 65783K, committed 66112K, reserved 1114112K
  class space    used 7038K, committed 7168K, reserved 1048576K
}
Event: 77.359 GC heap after
{Heap after GC invocations=50 (full 0):
 garbage-first heap   total 329728K, used 218329K [0x0000000082400000, 0x0000000100000000)
  region size 1024K, 9 young (9216K), 9 survivors (9216K)
 Metaspace       used 65783K, committed 66112K, reserved 1114112K
  class space    used 7038K, committed 7168K, reserved 1048576K
}
Event: 88.707 GC heap before
{Heap before GC invocations=51 (full 0):
 garbage-first heap   total 365568K, used 300249K [0x0000000082400000, 0x0000000100000000)
  region size 1024K, 89 young (91136K), 9 survivors (9216K)
 Metaspace       used 70050K, committed 70336K, reserved 1114112K
  class space    used 7346K, committed 7488K, reserved 1048576K
}
Event: 88.742 GC heap after
{Heap after GC invocations=52 (full 0):
 garbage-first heap   total 365568K, used 223608K [0x0000000082400000, 0x0000000100000000)
  region size 1024K, 10 young (10240K), 10 survivors (10240K)
 Metaspace       used 70050K, committed 70336K, reserved 1114112K
  class space    used 7346K, committed 7488K, reserved 1048576K
}
Event: 97.588 GC heap before
{Heap before GC invocations=52 (full 0):
 garbage-first heap   total 365568K, used 332152K [0x0000000082400000, 0x0000000100000000)
  region size 1024K, 116 young (118784K), 10 survivors (10240K)
 Metaspace       used 70482K, committed 70784K, reserved 1114112K
  class space    used 7361K, committed 7488K, reserved 1048576K
}
Event: 97.641 GC heap after
{Heap after GC invocations=53 (full 0):
 garbage-first heap   total 365568K, used 231528K [0x0000000082400000, 0x0000000100000000)
  region size 1024K, 15 young (15360K), 15 survivors (15360K)
 Metaspace       used 70482K, committed 70784K, reserved 1114112K
  class space    used 7361K, committed 7488K, reserved 1048576K
}
Event: 107.068 GC heap before
{Heap before GC invocations=53 (full 0):
 garbage-first heap   total 365568K, used 329832K [0x0000000082400000, 0x0000000100000000)
  region size 1024K, 111 young (113664K), 15 survivors (15360K)
 Metaspace       used 76783K, committed 77184K, reserved 1179648K
  class space    used 7908K, committed 8064K, reserved 1048576K
}
Event: 107.166 GC heap after
{Heap after GC invocations=54 (full 0):
 garbage-first heap   total 365568K, used 246784K [0x0000000082400000, 0x0000000100000000)
  region size 1024K, 14 young (14336K), 14 survivors (14336K)
 Metaspace       used 76783K, committed 77184K, reserved 1179648K
  class space    used 7908K, committed 8064K, reserved 1048576K
}

